<?xml version="1.0" encoding="UTF-8"?>
<testng-results ignored="0" total="2" passed="2" failed="0" skipped="0">
  <reporter-output>
  </reporter-output>
  <suite started-at="2022-06-27T14:10:26 IST" name="BrowserStackDemoSite" finished-at="2022-06-27T14:10:48 IST" duration-ms="21819">
    <groups>
    </groups>
    <test started-at="2022-06-27T14:10:26 IST" name="bsDemoTest-env1" finished-at="2022-06-27T14:10:41 IST" duration-ms="14762">
      <class name="bsDemoTest.stackDemoTest">
        <test-method is-config="true" signature="setUp(java.lang.String,java.lang.String)[pri:0, instance:bsDemoTest.stackDemoTest@49070868]" started-at="2022-06-27T14:10:26 IST" name="setUp" finished-at="2022-06-27T14:10:32 IST" duration-ms="5289" status="PASS">
          <params>
            <param index="0">
              <value>
                <![CDATA[parallel.bsDemoTest.conf.json]]>
              </value>
            </param>
            <param index="1">
              <value>
                <![CDATA[env1]]>
              </value>
            </param>
          </params>
          <reporter-output>
          </reporter-output>
        </test-method> <!-- setUp -->
        <test-method signature="searchProduct()[pri:0, instance:bsDemoTest.stackDemoTest@49070868]" started-at="2022-06-27T14:10:32 IST" name="searchProduct" finished-at="2022-06-27T14:10:40 IST" duration-ms="8057" status="PASS">
          <reporter-output>
          </reporter-output>
        </test-method> <!-- searchProduct -->
        <test-method is-config="true" signature="tearDown()[pri:0, instance:bsDemoTest.stackDemoTest@49070868]" started-at="2022-06-27T14:10:40 IST" name="tearDown" finished-at="2022-06-27T14:10:41 IST" duration-ms="1395" status="PASS">
          <reporter-output>
          </reporter-output>
        </test-method> <!-- tearDown -->
      </class> <!-- bsDemoTest.stackDemoTest -->
    </test> <!-- bsDemoTest-env1 -->
    <test started-at="2022-06-27T14:10:26 IST" name="bsDemoTest-env2" finished-at="2022-06-27T14:10:48 IST" duration-ms="21819">
      <class name="bsDemoTest.stackDemoTest">
        <test-method is-config="true" signature="setUp(java.lang.String,java.lang.String)[pri:0, instance:bsDemoTest.stackDemoTest@64c87930]" started-at="2022-06-27T14:10:26 IST" name="setUp" finished-at="2022-06-27T14:10:38 IST" duration-ms="11374" status="PASS">
          <params>
            <param index="0">
              <value>
                <![CDATA[parallel.bsDemoTest.conf.json]]>
              </value>
            </param>
            <param index="1">
              <value>
                <![CDATA[env2]]>
              </value>
            </param>
          </params>
          <reporter-output>
          </reporter-output>
        </test-method> <!-- setUp -->
        <test-method signature="searchProduct()[pri:0, instance:bsDemoTest.stackDemoTest@64c87930]" started-at="2022-06-27T14:10:38 IST" name="searchProduct" finished-at="2022-06-27T14:10:47 IST" duration-ms="8976" status="PASS">
          <reporter-output>
          </reporter-output>
        </test-method> <!-- searchProduct -->
        <test-method is-config="true" signature="tearDown()[pri:0, instance:bsDemoTest.stackDemoTest@64c87930]" started-at="2022-06-27T14:10:47 IST" name="tearDown" finished-at="2022-06-27T14:10:48 IST" duration-ms="1453" status="PASS">
          <reporter-output>
          </reporter-output>
        </test-method> <!-- tearDown -->
      </class> <!-- bsDemoTest.stackDemoTest -->
    </test> <!-- bsDemoTest-env2 -->
  </suite> <!-- BrowserStackDemoSite -->
</testng-results>
