<?xml version="1.0" encoding="UTF-8"?>
<testsuite name="TestSuite" time="5.518" tests="5" errors="0" skipped="0" failures="1">
  <properties>
[...]
</properties>
  <testcase name="searchProduct" classname="bsDemoTest.stackDemoTest" time="5.518"/>
  <testcase name="searchProduct" classname="bsDemoTest.stackDemoTest" time="2.17"/>
  <testcase name="searchProduct" classname="bsDemoTest.stackDemoTest" time="12.702">
    <failure message="Error Domain=com.facebook.WebDriverAgent Code=1 &quot;The on-screen keyboard must be present to send keys&quot; UserInfo={NSLocalizedDescription=The on-screen keyboard must be present to send keys} (WARNING: The server did not provide any stacktrace information)&#10;Command duration or timeout: 0 milliseconds&#10;Build info: version: &apos;3.12.0&apos;, revision: &apos;7c6e0b3&apos;, time: &apos;2018-05-08T14:04:26.12Z&apos;&#10;System info: host: &apos;Siddhis-MacBook-Pro.local&apos;, ip: &apos;2401:4900:1c21:9faa:b4b4:6c3f:256b:e1df%en0&apos;, os.name: &apos;Mac OS X&apos;, os.arch: &apos;aarch64&apos;, os.version: &apos;12.4&apos;, java.version: &apos;18.0.1.1&apos;&#10;Driver info: org.openqa.selenium.remote.RemoteWebDriver&#10;Capabilities {64bit: false, acceptSslCert: false, acceptSslCerts: false, automationName: XCUITest, bootstrapPath: /usr/local/.browserstack/co..., browser: iphone, browserName: safari, browserstack.appium_version: 1.17.0, browserstack.isTargetBased: true, browserstack.is_hub_canary: false, browserstack.localGeoLocation: IN, buildName: BrowserStackDemoSiteAssignment, capabilities: {64bit: false, acceptSslCert: false, acceptSslCerts: false, automationName: XCUITest, bootstrapPath: /usr/local/.browserstack/co..., browser: iphone, browserName: safari, browserstack.appium_version: 1.17.0, browserstack.isTargetBased: true, browserstack.is_hub_canary: false, browserstack.localGeoLocation: IN, buildName: BrowserStackDemoSiteAssignment, custom_replay_kit_params: {&quot;rotation&quot;:&quot;false&quot;,&quot;captur..., databaseEnabled: false, detected_language: selenium/3.12.0 (java mac), device: iphone, deviceName: iPhone 12, deviceOrientation: PORTRAIT, javascriptEnabled: true, keychainPassword: [REDACTED VALUE], keychainPath: [REDACTED VALUE], locationContextEnabled: false, mobile: {browser: mobile, version: iPhone 12-14.2}, networkConnectionEnabled: false, newCommandTimeout: 0, new_bucketing: true, noReset: true, orientation: PORTRAIT, orig_os: ios, osVersion: 14, os_version: 14.0, platform: MAC, platformName: iOS, realMobile: true, safariIgnoreFraudWarning: true, safariInitialUrl: http://mobile-internet-chec..., sessionId: 5ae33ff6c11e53b179dd4d9f371..., sessionName: bsDemoTest_parallel, takesScreenshot: true, udid: 00008101-001A71AC2682001E, useXctestrunFile: true, version: , wda_port: 8404, webStorageEnabled: false, webkitResponseTimeout: 20000}, custom_replay_kit_params: {&quot;rotation&quot;:&quot;false&quot;,&quot;captur..., databaseEnabled: false, detected_language: selenium/3.12.0 (java mac), device: iphone, deviceName: iPhone 12, deviceOrientation: PORTRAIT, javascriptEnabled: true, locationContextEnabled: false, mobile: {browser: mobile, version: iPhone 12-14.2}, networkConnectionEnabled: false, newCommandTimeout: 0, new_bucketing: true, noReset: true, orientation: PORTRAIT, orig_os: ios, osVersion: 14, os_version: 14.0, platform: MAC, platformName: MAC, platformVersion: 14.1, realMobile: true, safariIgnoreFraudWarning: true, safariInitialUrl: http://mobile-internet-chec..., sessionId: 5ae33ff6c11e53b179dd4d9f371..., sessionName: bsDemoTest_parallel, takesScreenshot: true, udid: 00008101-001A71AC2682001E, useXctestrunFile: true, version: , wda_port: 8404, webStorageEnabled: false, webkitResponseTimeout: 20000}&#10;Session ID: 5ae33ff6c11e53b179dd4d9f3715016e32194a59" type="org.openqa.selenium.InvalidElementStateException">org.openqa.selenium.InvalidElementStateException: Error Domain=com.facebook.WebDriverAgent Code=1 "The on-screen keyboard must be present to send keys" UserInfo={NSLocalizedDescription=The on-screen keyboard must be present to send keys} (WARNING: The server did not provide any stacktrace information)
Command duration or timeout: 0 milliseconds
Build info: version: '3.12.0', revision: '7c6e0b3', time: '2018-05-08T14:04:26.12Z'
System info: host: 'Siddhis-MacBook-Pro.local', ip: '2401:4900:1c21:9faa:b4b4:6c3f:256b:e1df%en0', os.name: 'Mac OS X', os.arch: 'aarch64', os.version: '12.4', java.version: '18.0.1.1'
Driver info: org.openqa.selenium.remote.RemoteWebDriver
Capabilities {64bit: false, acceptSslCert: false, acceptSslCerts: false, automationName: XCUITest, bootstrapPath: /usr/local/.browserstack/co..., browser: iphone, browserName: safari, browserstack.appium_version: 1.17.0, browserstack.isTargetBased: true, browserstack.is_hub_canary: false, browserstack.localGeoLocation: IN, buildName: BrowserStackDemoSiteAssignment, capabilities: {64bit: false, acceptSslCert: false, acceptSslCerts: false, automationName: XCUITest, bootstrapPath: /usr/local/.browserstack/co..., browser: iphone, browserName: safari, browserstack.appium_version: 1.17.0, browserstack.isTargetBased: true, browserstack.is_hub_canary: false, browserstack.localGeoLocation: IN, buildName: BrowserStackDemoSiteAssignment, custom_replay_kit_params: {"rotation":"false","captur..., databaseEnabled: false, detected_language: selenium/3.12.0 (java mac), device: iphone, deviceName: iPhone 12, deviceOrientation: PORTRAIT, javascriptEnabled: true, keychainPassword: [REDACTED VALUE], keychainPath: [REDACTED VALUE], locationContextEnabled: false, mobile: {browser: mobile, version: iPhone 12-14.2}, networkConnectionEnabled: false, newCommandTimeout: 0, new_bucketing: true, noReset: true, orientation: PORTRAIT, orig_os: ios, osVersion: 14, os_version: 14.0, platform: MAC, platformName: iOS, realMobile: true, safariIgnoreFraudWarning: true, safariInitialUrl: http://mobile-internet-chec..., sessionId: 5ae33ff6c11e53b179dd4d9f371..., sessionName: bsDemoTest_parallel, takesScreenshot: true, udid: 00008101-001A71AC2682001E, useXctestrunFile: true, version: , wda_port: 8404, webStorageEnabled: false, webkitResponseTimeout: 20000}, custom_replay_kit_params: {"rotation":"false","captur..., databaseEnabled: false, detected_language: selenium/3.12.0 (java mac), device: iphone, deviceName: iPhone 12, deviceOrientation: PORTRAIT, javascriptEnabled: true, locationContextEnabled: false, mobile: {browser: mobile, version: iPhone 12-14.2}, networkConnectionEnabled: false, newCommandTimeout: 0, new_bucketing: true, noReset: true, orientation: PORTRAIT, orig_os: ios, osVersion: 14, os_version: 14.0, platform: MAC, platformName: MAC, platformVersion: 14.1, realMobile: true, safariIgnoreFraudWarning: true, safariInitialUrl: http://mobile-internet-chec..., sessionId: 5ae33ff6c11e53b179dd4d9f371..., sessionName: bsDemoTest_parallel, takesScreenshot: true, udid: 00008101-001A71AC2682001E, useXctestrunFile: true, version: , wda_port: 8404, webStorageEnabled: false, webkitResponseTimeout: 20000}
Session ID: 5ae33ff6c11e53b179dd4d9f3715016e32194a59
	at java.base/jdk.internal.reflect.DirectConstructorHandleAccessor.newInstance(DirectConstructorHandleAccessor.java:67)
	at java.base/java.lang.reflect.Constructor.newInstanceWithCaller(Constructor.java:499)
	at java.base/java.lang.reflect.Constructor.newInstance(Constructor.java:483)
	at org.openqa.selenium.remote.ErrorHandler.createThrowable(ErrorHandler.java:214)
	at org.openqa.selenium.remote.ErrorHandler.throwIfResponseFailed(ErrorHandler.java:166)
	at org.openqa.selenium.remote.http.JsonHttpResponseCodec.reconstructValue(JsonHttpResponseCodec.java:40)
	at org.openqa.selenium.remote.http.AbstractHttpResponseCodec.decode(AbstractHttpResponseCodec.java:80)
	at org.openqa.selenium.remote.http.AbstractHttpResponseCodec.decode(AbstractHttpResponseCodec.java:44)
	at org.openqa.selenium.remote.HttpCommandExecutor.execute(HttpCommandExecutor.java:158)
	at org.openqa.selenium.remote.RemoteWebDriver.execute(RemoteWebDriver.java:543)
	at org.openqa.selenium.remote.RemoteExecuteMethod.execute(RemoteExecuteMethod.java:35)
	at org.openqa.selenium.remote.RemoteKeyboard.sendKeys(RemoteKeyboard.java:38)
	at org.openqa.selenium.interactions.SendKeysAction.perform(SendKeysAction.java:57)
	at org.openqa.selenium.interactions.CompositeAction.perform(CompositeAction.java:36)
	at org.openqa.selenium.interactions.Actions$BuiltAction.perform(Actions.java:641)
	at bsDemoCommon.BasePO.login(BasePO.java:147)
	at bsDemoTest.stackDemoTest.searchProduct(stackDemoTest.java:22)
</failure>
    <system-err><![CDATA[Jul 05, 2022 6:36:58 PM bsDemoTest.stackDemoTest searchProduct
INFO: *** login *** 
Jul 05, 2022 6:36:58 PM bsDemoTest.stackDemoTest searchProduct
INFO: *** login *** 
Jul 05, 2022 6:37:02 PM bsDemoTest.stackDemoTest searchProduct
INFO: *** Search product and add to cart****
Jul 05, 2022 6:37:03 PM bsDemoCommon.BasePO searchProductAddCart
INFO: product found iPhone 12
Jul 05, 2022 6:37:03 PM bsDemoTest.stackDemoTest searchProduct
INFO: *** checkout ***
Jul 05, 2022 6:37:04 PM bsDemoTest.stackDemoTest searchProduct
INFO: *** shipping details screen***
Jul 05, 2022 6:37:04 PM bsDemoCommon.BasePO shippingAddressDetails
INFO: User needs to fill shipping address details
]]></system-err>
  </testcase>
  <testcase name="searchProduct" classname="bsDemoTest.stackDemoTest" time="14.276"/>
  <testcase name="searchProduct" classname="bsDemoTest.stackDemoTest" time="43.185"/>
</testsuite>