<?xml version="1.0" encoding="UTF-8"?>
<!-- Generated by org.testng.reporters.JUnitXMLReporter -->
<testsuite hostname="Siddhis-MacBook-Pro.local" failures="0" tests="1" name="amazonProductSearch-firefox" time="0.013" errors="0" timestamp="29 Jun 2022 05:51:48 GMT">
  <testcase classname="amazonProductSearch.productSearchTest" name="@BeforeMethod setUp" time="0.0">
    <failure type="java.lang.NullPointerException" message="Cannot invoke &amp;quot;java.util.Map.entrySet()&amp;quot; because &amp;quot;envCapabilities&amp;quot; is null">
      <![CDATA[java.lang.NullPointerException: Cannot invoke "java.util.Map.entrySet()" because "envCapabilities" is null
	at bsDemoCommon.BrowserStackTestNGTest.setUp(BrowserStackTestNGTest.java:53)
	at java.base/java.util.concurrent.FutureTask.run(FutureTask.java:264)
	at java.base/java.util.concurrent.ThreadPoolExecutor.runWorker(ThreadPoolExecutor.java:1136)
	at java.base/java.util.concurrent.ThreadPoolExecutor$Worker.run(ThreadPoolExecutor.java:635)
	at java.base/java.lang.Thread.run(Thread.java:833)
... Removed 16 stack frames]]>
    </failure>
  </testcase> <!-- @BeforeMethod setUp -->
  <testcase classname="amazonProductSearch.productSearchTest" name="@AfterMethod tearDown" time="0.0">
    <failure type="java.lang.NullPointerException" message="Cannot invoke &amp;quot;org.openqa.selenium.WebDriver.quit()&amp;quot; because &amp;quot;this.driver&amp;quot; is null">
      <![CDATA[java.lang.NullPointerException: Cannot invoke "org.openqa.selenium.WebDriver.quit()" because "this.driver" is null
	at bsDemoCommon.BrowserStackTestNGTest.tearDown(BrowserStackTestNGTest.java:94)
	at java.base/java.util.concurrent.FutureTask.run(FutureTask.java:264)
	at java.base/java.util.concurrent.ThreadPoolExecutor.runWorker(ThreadPoolExecutor.java:1136)
	at java.base/java.util.concurrent.ThreadPoolExecutor$Worker.run(ThreadPoolExecutor.java:635)
	at java.base/java.lang.Thread.run(Thread.java:833)
... Removed 16 stack frames]]>
    </failure>
  </testcase> <!-- @AfterMethod tearDown -->
  <testcase classname="amazonProductSearch.productSearchTest" name="searchProduct" time="0.001">
    <skipped/>
  </testcase> <!-- searchProduct -->
</testsuite> <!-- amazonProductSearch-firefox -->
