<?xml version="1.0" encoding="UTF-8"?>
<!-- Generated by org.testng.reporters.JUnitXMLReporter -->
<testsuite hostname="Siddhis-MacBook-Pro.local" failures="1" tests="1" name="amazonProductSearch-safari" time="22.942" errors="0" timestamp="7 Jul 2022 08:01:30 GMT">
  <testcase classname="amazonProductSearch.productSearchTest" name="searchProduct" time="12.601">
    <failure type="org.openqa.selenium.WebDriverException" message="
Build info: version: &amp;apos;3.12.0&amp;apos;, revision: &amp;apos;7c6e0b3&amp;apos;, time: &amp;apos;2018-05-08T14:04:26.12Z&amp;apos;
System info: host: &amp;apos;Siddhis-MacBook-Pro.local&amp;apos;, ip: &amp;apos;2401:4900:1c21:9faa:3906:c33a:3f13:21cc%en0&amp;apos;, os.name: &amp;apos;Mac OS X&amp;apos;, os.arch: &amp;apos;x86_64&amp;apos;, os.version: &amp;apos;12.4&amp;apos;, java.version: &amp;apos;18.0.1.1&amp;apos;
Driver info: org.openqa.selenium.remote.RemoteWebDriver
Capabilities {acceptInsecureCerts: false, browserName: Safari, browserVersion: 12.1.2, javascriptEnabled: true, platform: MAC, platformName: MAC, safari:automaticInspection: false, safari:automaticProfiling: false, safari:diagnose: false, setWindowRect: true, strictFileInteractability: false, webdriver.remote.sessionid: e2d0fea040bd4756e94665cb110..., webkit:WebRTC: {DisableICECandidateFiltering: false, DisableInsecureMediaCapture: false}}
Session ID: e2d0fea040bd4756e94665cb110259aa69e35776
*** Element info: {Using=xpath, value=//*[@class=&amp;apos;a-section a-spacing-small a-spacing-top-small&amp;apos;]//span[contains(text(),&amp;quot;result&amp;quot;)]}">
      <![CDATA[org.openqa.selenium.WebDriverException: 
Build info: version: '3.12.0', revision: '7c6e0b3', time: '2018-05-08T14:04:26.12Z'
System info: host: 'Siddhis-MacBook-Pro.local', ip: '2401:4900:1c21:9faa:3906:c33a:3f13:21cc%en0', os.name: 'Mac OS X', os.arch: 'x86_64', os.version: '12.4', java.version: '18.0.1.1'
Driver info: org.openqa.selenium.remote.RemoteWebDriver
Capabilities {acceptInsecureCerts: false, browserName: Safari, browserVersion: 12.1.2, javascriptEnabled: true, platform: MAC, platformName: MAC, safari:automaticInspection: false, safari:automaticProfiling: false, safari:diagnose: false, setWindowRect: true, strictFileInteractability: false, webdriver.remote.sessionid: e2d0fea040bd4756e94665cb110..., webkit:WebRTC: {DisableICECandidateFiltering: false, DisableInsecureMediaCapture: false}}
Session ID: e2d0fea040bd4756e94665cb110259aa69e35776
*** Element info: {Using=xpath, value=//*[@class='a-section a-spacing-small a-spacing-top-small']//span[contains(text(),"result")]}
	at org.openqa.selenium.remote.http.W3CHttpResponseCodec.createException(W3CHttpResponseCodec.java:187)
	at org.openqa.selenium.remote.http.W3CHttpResponseCodec.decode(W3CHttpResponseCodec.java:122)
	at org.openqa.selenium.remote.http.W3CHttpResponseCodec.decode(W3CHttpResponseCodec.java:49)
	at org.openqa.selenium.remote.HttpCommandExecutor.execute(HttpCommandExecutor.java:158)
	at org.openqa.selenium.remote.RemoteWebDriver.execute(RemoteWebDriver.java:543)
	at org.openqa.selenium.remote.RemoteWebDriver.findElement(RemoteWebDriver.java:317)
	at org.openqa.selenium.remote.RemoteWebDriver.findElementByXPath(RemoteWebDriver.java:419)
	at org.openqa.selenium.By$ByXPath.findElement(By.java:353)
	at org.openqa.selenium.remote.RemoteWebDriver.findElement(RemoteWebDriver.java:309)
	at org.openqa.selenium.support.pagefactory.DefaultElementLocator.findElement(DefaultElementLocator.java:69)
	at org.openqa.selenium.support.pagefactory.internal.LocatingElementHandler.invoke(LocatingElementHandler.java:38)
	at jdk.proxy2/jdk.proxy2.$Proxy10.getText(Unknown Source)
	at bsDemoCommon.BasePO.searchedPageFilter(BasePO.java:223)
	at amazonProductSearch.productSearchTest.searchProduct(productSearchTest.java:22)
	at java.base/java.util.concurrent.FutureTask.run(FutureTask.java:264)
	at java.base/java.util.concurrent.ThreadPoolExecutor.runWorker(ThreadPoolExecutor.java:1136)
	at java.base/java.util.concurrent.ThreadPoolExecutor$Worker.run(ThreadPoolExecutor.java:635)
	at java.base/java.lang.Thread.run(Thread.java:833)
... Removed 17 stack frames]]>
    </failure>
  </testcase> <!-- searchProduct -->
</testsuite> <!-- amazonProductSearch-safari -->
